  Project.cpp
c:\users\hp\documents\visual studio 2015\projects\project\project\project.cpp(141): warning C4244: 'argument': conversion from 'double' to 'int', possible loss of data
c:\users\hp\documents\visual studio 2015\projects\project\project\project.cpp(166): warning C4244: 'argument': conversion from 'double' to 'int', possible loss of data
c:\users\hp\documents\visual studio 2015\projects\project\project\project.cpp(183): warning C4244: 'argument': conversion from 'double' to 'int', possible loss of data
c:\users\hp\documents\visual studio 2015\projects\project\project\project.cpp(338): warning C4244: 'initializing': conversion from 'double' to 'int', possible loss of data
c:\users\hp\documents\visual studio 2015\projects\project\project\project.cpp(342): warning C4244: 'argument': conversion from 'double' to 'int', possible loss of data
c:\users\hp\documents\visual studio 2015\projects\project\project\project.cpp(346): warning C4244: '=': conversion from 'double' to 'int', possible loss of data
c:\users\hp\documents\visual studio 2015\projects\project\project\project.cpp(363): warning C4244: 'argument': conversion from 'double' to 'int', possible loss of data
c:\users\hp\documents\visual studio 2015\projects\project\project\project.cpp(381): warning C4244: 'argument': conversion from 'double' to 'int', possible loss of data
c:\users\hp\documents\visual studio 2015\projects\project\project\project.cpp(395): warning C4244: 'initializing': conversion from 'double' to 'int', possible loss of data
c:\users\hp\documents\visual studio 2015\projects\project\project\project.cpp(397): warning C4244: 'initializing': conversion from 'double' to 'int', possible loss of data
c:\users\hp\documents\visual studio 2015\projects\project\project\project.cpp(399): warning C4244: 'initializing': conversion from 'double' to 'int', possible loss of data
c:\users\hp\documents\visual studio 2015\projects\project\project\project.cpp(433): warning C4244: 'argument': conversion from 'double' to 'int', possible loss of data
c:\users\hp\documents\visual studio 2015\projects\project\project\project.cpp(459): warning C4244: 'argument': conversion from 'double' to 'int', possible loss of data
c:\users\hp\documents\visual studio 2015\projects\project\project\project.cpp(489): warning C4244: 'argument': conversion from 'double' to 'int', possible loss of data
c:\users\hp\documents\visual studio 2015\projects\project\project\project.cpp(503): warning C4244: 'argument': conversion from 'double' to 'int', possible loss of data
c:\users\hp\documents\visual studio 2015\projects\project\project\project.cpp(570): warning C4244: '=': conversion from 'double' to 'int', possible loss of data
c:\users\hp\documents\visual studio 2015\projects\project\project\project.cpp(575): warning C4244: '=': conversion from 'double' to 'int', possible loss of data
c:\users\hp\documents\visual studio 2015\projects\project\project\project.cpp(701): warning C4244: '=': conversion from 'double' to 'int', possible loss of data
c:\users\hp\documents\visual studio 2015\projects\project\project\project.cpp(702): warning C4244: '=': conversion from 'double' to 'int', possible loss of data
c:\users\hp\documents\visual studio 2015\projects\project\project\project.cpp(707): warning C4244: '=': conversion from 'double' to 'int', possible loss of data
c:\users\hp\documents\visual studio 2015\projects\project\project\project.cpp(708): warning C4244: '=': conversion from 'double' to 'int', possible loss of data
c:\users\hp\documents\visual studio 2015\projects\project\project\project.cpp(713): warning C4244: '=': conversion from 'double' to 'int', possible loss of data
c:\users\hp\documents\visual studio 2015\projects\project\project\project.cpp(714): warning C4244: '=': conversion from 'double' to 'int', possible loss of data
c:\users\hp\documents\visual studio 2015\projects\project\project\project.cpp(719): warning C4244: '=': conversion from 'double' to 'int', possible loss of data
c:\users\hp\documents\visual studio 2015\projects\project\project\project.cpp(720): warning C4244: '=': conversion from 'double' to 'int', possible loss of data
c:\users\hp\documents\visual studio 2015\projects\project\project\project.cpp(730): warning C4244: '=': conversion from 'double' to 'int', possible loss of data
c:\users\hp\documents\visual studio 2015\projects\project\project\project.cpp(731): warning C4244: '=': conversion from 'double' to 'int', possible loss of data
c:\users\hp\documents\visual studio 2015\projects\project\project\project.cpp(736): warning C4244: '=': conversion from 'double' to 'int', possible loss of data
c:\users\hp\documents\visual studio 2015\projects\project\project\project.cpp(737): warning C4244: '=': conversion from 'double' to 'int', possible loss of data
c:\users\hp\documents\visual studio 2015\projects\project\project\project.cpp(742): warning C4244: '=': conversion from 'double' to 'int', possible loss of data
c:\users\hp\documents\visual studio 2015\projects\project\project\project.cpp(743): warning C4244: '=': conversion from 'double' to 'int', possible loss of data
c:\users\hp\documents\visual studio 2015\projects\project\project\project.cpp(748): warning C4244: '=': conversion from 'double' to 'int', possible loss of data
c:\users\hp\documents\visual studio 2015\projects\project\project\project.cpp(749): warning C4244: '=': conversion from 'double' to 'int', possible loss of data
c:\users\hp\documents\visual studio 2015\projects\project\project\project.cpp(795): warning C4244: 'argument': conversion from 'double' to 'int', possible loss of data
c:\users\hp\documents\visual studio 2015\projects\project\project\project.cpp(797): warning C4244: 'argument': conversion from 'double' to 'int', possible loss of data
c:\users\hp\documents\visual studio 2015\projects\project\project\project.cpp(802): warning C4244: 'argument': conversion from 'double' to 'int', possible loss of data
c:\users\hp\documents\visual studio 2015\projects\project\project\project.cpp(804): warning C4244: 'argument': conversion from 'double' to 'int', possible loss of data
c:\users\hp\documents\visual studio 2015\projects\project\project\project.cpp(809): warning C4244: 'argument': conversion from 'double' to 'int', possible loss of data
c:\users\hp\documents\visual studio 2015\projects\project\project\project.cpp(875): warning C4018: '<': signed/unsigned mismatch
c:\users\hp\documents\visual studio 2015\projects\project\project\project.cpp(882): warning C4018: '<': signed/unsigned mismatch
c:\users\hp\documents\visual studio 2015\projects\project\project\project.cpp(889): warning C4018: '<': signed/unsigned mismatch
c:\users\hp\documents\visual studio 2015\projects\project\project\project.cpp(901): warning C4018: '<': signed/unsigned mismatch
  Project.vcxproj -> C:\Users\hp\Documents\Visual Studio 2015\Projects\Project\Debug\Project.exe
  Project.vcxproj -> C:\Users\hp\Documents\Visual Studio 2015\Projects\Project\Debug\Project.pdb (Full PDB)
